<?xml version="1.0" encoding="UTF-8"?>
<!-- Generated by org.testng.reporters.JUnitXMLReporter -->
<testsuite hostname="bjorn-VirtualBox" name="Surefire test" tests="30" failures="0" timestamp="13 Dec 2017 10:53:26 GMT" time="0.493" errors="0">
  <testcase name="DivisionTestZeroNumb on DivisionTestZeroNumb(com.project.Calculator_bjorn.SimpleCalculatorTest)" time="0.035" classname="com.project.Calculator_bjorn.SimpleCalculatorTest"/>
  <testcase name="AdditionTestPositivNumb on AdditionTestPositivNumb(com.project.Calculator_bjorn.SimpleCalculatorTest)" time="0.032" classname="com.project.Calculator_bjorn.SimpleCalculatorTest"/>
  <testcase name="SubstractionTestNegativeNumb on SubstractionTestNegativeNumb(com.project.Calculator_bjorn.SimpleCalculatorTest)" time="0.014" classname="com.project.Calculator_bjorn.SimpleCalculatorTest"/>
  <testcase name="SubstractionTestZeroNumb on SubstractionTestZeroNumb(com.project.Calculator_bjorn.SimpleCalculatorTest)" time="0.012" classname="com.project.Calculator_bjorn.SimpleCalculatorTest"/>
  <testcase name="AdditionTestZeroNumb on AdditionTestZeroNumb(com.project.Calculator_bjorn.SimpleCalculatorTest)" time="0.045" classname="com.project.Calculator_bjorn.SimpleCalculatorTest"/>
  <testcase name="DivisionTestPositiveNumb on DivisionTestPositiveNumb(com.project.Calculator_bjorn.SimpleCalculatorTest)" time="0.032" classname="com.project.Calculator_bjorn.SimpleCalculatorTest"/>
  <testcase name="DivisionTestNegativeNumb on DivisionTestNegativeNumb(com.project.Calculator_bjorn.SimpleCalculatorTest)" time="0.047" classname="com.project.Calculator_bjorn.SimpleCalculatorTest"/>
  <testcase name="AdditionTestNegativeNumb on AdditionTestNegativeNumb(com.project.Calculator_bjorn.SimpleCalculatorTest)" time="0.004" classname="com.project.Calculator_bjorn.SimpleCalculatorTest"/>
  <testcase name="MultiplyTestPositiveNumb on MultiplyTestPositiveNumb(com.project.Calculator_bjorn.SimpleCalculatorTest)" time="0.027" classname="com.project.Calculator_bjorn.SimpleCalculatorTest"/>
  <testcase name="MultiplyTestNegativeNumb on MultiplyTestNegativeNumb(com.project.Calculator_bjorn.SimpleCalculatorTest)" time="0.009" classname="com.project.Calculator_bjorn.SimpleCalculatorTest"/>
  <testcase name="MultiplyTestZeroNumb on MultiplyTestZeroNumb(com.project.Calculator_bjorn.SimpleCalculatorTest)" time="0.003" classname="com.project.Calculator_bjorn.SimpleCalculatorTest"/>
  <testcase name="SubtracktTestPositivNumb on SubtracktTestPositivNumb(com.project.Calculator_bjorn.SimpleCalculatorTest)" time="0.004" classname="com.project.Calculator_bjorn.SimpleCalculatorTest"/>
  <testcase name="MathTestZeroNumb on MathTestZeroNumb(com.project.Calculator_bjorn.ScientificCalculatorTest)" time="0.01" classname="com.project.Calculator_bjorn.ScientificCalculatorTest"/>
  <testcase name="MathTestPositiveNumb on MathTestPositiveNumb(com.project.Calculator_bjorn.ScientificCalculatorTest)" time="0.004" classname="com.project.Calculator_bjorn.ScientificCalculatorTest"/>
  <testcase name="SquareTestPositive on SquareTestPositive(com.project.Calculator_bjorn.ScientificCalculatorTest)" time="0.023" classname="com.project.Calculator_bjorn.ScientificCalculatorTest"/>
  <testcase name="TanTestPositivNumb on TanTestPositivNumb(com.project.Calculator_bjorn.ScientificCalculatorTest)" time="0.007" classname="com.project.Calculator_bjorn.ScientificCalculatorTest"/>
  <testcase name="MathTestNegativeNumb on MathTestNegativeNumb(com.project.Calculator_bjorn.ScientificCalculatorTest)" time="0.006" classname="com.project.Calculator_bjorn.ScientificCalculatorTest"/>
  <testcase name="SinTestZeroNumb on SinTestZeroNumb(com.project.Calculator_bjorn.ScientificCalculatorTest)" time="0.005" classname="com.project.Calculator_bjorn.ScientificCalculatorTest"/>
  <testcase name="SquareTestZeros on SquareTestZeros(com.project.Calculator_bjorn.ScientificCalculatorTest)" time="0.0" classname="com.project.Calculator_bjorn.ScientificCalculatorTest"/>
  <testcase name="TanTestNegativNumb on TanTestNegativNumb(com.project.Calculator_bjorn.ScientificCalculatorTest)" time="0.006" classname="com.project.Calculator_bjorn.ScientificCalculatorTest"/>
  <testcase name="CosTestZeroNumbers on CosTestZeroNumbers(com.project.Calculator_bjorn.ScientificCalculatorTest)" time="0.006" classname="com.project.Calculator_bjorn.ScientificCalculatorTest"/>
  <testcase name="TanTestZeroNumb on TanTestZeroNumb(com.project.Calculator_bjorn.ScientificCalculatorTest)" time="0.005" classname="com.project.Calculator_bjorn.ScientificCalculatorTest"/>
  <testcase name="SinTestNegativeNumb on SinTestNegativeNumb(com.project.Calculator_bjorn.ScientificCalculatorTest)" time="0.006" classname="com.project.Calculator_bjorn.ScientificCalculatorTest"/>
  <testcase name="SinTestPositivNumb on SinTestPositivNumb(com.project.Calculator_bjorn.ScientificCalculatorTest)" time="0.006" classname="com.project.Calculator_bjorn.ScientificCalculatorTest"/>
  <testcase name="CosTestPositiveNumb on CosTestPositiveNumb(com.project.Calculator_bjorn.ScientificCalculatorTest)" time="0.005" classname="com.project.Calculator_bjorn.ScientificCalculatorTest"/>
  <testcase name="CosTestNegativeNumb on CosTestNegativeNumb(com.project.Calculator_bjorn.ScientificCalculatorTest)" time="0.005" classname="com.project.Calculator_bjorn.ScientificCalculatorTest"/>
  <testcase name="Math2TestZeroNumbers on Math2TestZeroNumbers(com.project.Calculator_bjorn.ScientificCalculatorTest)" time="0.005" classname="com.project.Calculator_bjorn.ScientificCalculatorTest"/>
  <testcase name="Math2TestPositiveNumb on Math2TestPositiveNumb(com.project.Calculator_bjorn.ScientificCalculatorTest)" time="0.007" classname="com.project.Calculator_bjorn.ScientificCalculatorTest"/>
  <testcase name="SquareTestNegativeNumb on SquareTestNegativeNumb(com.project.Calculator_bjorn.ScientificCalculatorTest)" time="0.006" classname="com.project.Calculator_bjorn.ScientificCalculatorTest"/>
  <testcase name="Math2TestNegativeNumb on Math2TestNegativeNumb(com.project.Calculator_bjorn.ScientificCalculatorTest)" time="0.005" classname="com.project.Calculator_bjorn.ScientificCalculatorTest"/>
</testsuite> <!-- Surefire test -->
